2019-04-04 21:27:23.498 [info] <0.43.0> Application lager started on node nonode@nohost
2019-04-04 21:27:23.508 [info] <0.43.0> Application xmerl started on node nonode@nohost
2019-04-04 21:27:23.521 [info] <0.43.0> Application jsx started on node nonode@nohost
2019-04-04 21:27:23.535 [info] <0.43.0> Application ranch started on node nonode@nohost
2019-04-04 21:27:23.541 [info] <0.43.0> Application recon started on node nonode@nohost
2019-04-04 21:27:23.541 [info] <0.43.0> Application rabbit_common started on node nonode@nohost
2019-04-04 21:27:23.558 [info] <0.43.0> Application amqp_client started on node nonode@nohost
2019-04-04 21:27:23.558 [info] <0.43.0> Application amqp started on node nonode@nohost
2019-04-04 21:27:23.573 [info] <0.43.0> Application connection started on node nonode@nohost
2019-04-04 21:27:23.600 [info] <0.43.0> Application db_connection started on node nonode@nohost
2019-04-04 21:27:23.614 [info] <0.43.0> Application decimal started on node nonode@nohost
2019-04-04 21:27:23.629 [info] <0.43.0> Application postgrex started on node nonode@nohost
2019-04-04 21:27:23.649 [info] <0.43.0> Application telemetry started on node nonode@nohost
2019-04-04 21:27:23.663 [info] <0.43.0> Application ecto started on node nonode@nohost
2019-04-04 21:27:23.669 [info] <0.43.0> Application ecto_sql started on node nonode@nohost
2019-04-04 21:27:23.672 [info] <0.43.0> Application phoenix_html started on node nonode@nohost
2019-04-04 21:27:23.685 [info] <0.43.0> Application cowlib started on node nonode@nohost
2019-04-04 21:27:23.691 [info] <0.43.0> Application cowboy started on node nonode@nohost
2019-04-04 21:27:23.693 [info] <0.43.0> Application plug_cowboy started on node nonode@nohost
2019-04-04 21:27:23.703 [info] <0.43.0> Application file_system started on node nonode@nohost
2019-04-04 21:27:23.728 [info] <0.43.0> Application phoenix_live_reload started on node nonode@nohost
2019-04-04 21:27:23.732 [info] <0.43.0> Application phoenix_live_view started on node nonode@nohost
2019-04-04 21:27:23.750 [info] <0.43.0> Application phoenix_ecto started on node nonode@nohost
2019-04-04 21:27:23.779 [error] <0.373.0> CRASH REPORT Process <0.373.0> with 0 neighbours exited with reason: #{'__exception__' => true,'__struct__' => 'Elixir.ArgumentError',message => <<"supervisors expect each child to be one of the following:\n\n  * a module\n  * a {module, arg} tuple\n  * a child specification as a map with at least the :id and :start fields\n  * or a tuple with 6 elements generated by Supervisor.Spec (deprecated)\n\nGot: {Apr.AmqEventService, [%{topic: \"commerce\"}], [id: :commerce]}\n">>} in 'Elixir.Supervisor':init_child/1 line 646 in application_master:init/4 line 138
2019-04-04 21:37:29.167 [info] <0.43.0> Application lager started on node nonode@nohost
2019-04-04 21:37:29.177 [info] <0.43.0> Application xmerl started on node nonode@nohost
2019-04-04 21:37:29.184 [info] <0.43.0> Application jsx started on node nonode@nohost
2019-04-04 21:37:29.201 [info] <0.43.0> Application ranch started on node nonode@nohost
2019-04-04 21:37:29.206 [info] <0.43.0> Application recon started on node nonode@nohost
2019-04-04 21:37:29.206 [info] <0.43.0> Application rabbit_common started on node nonode@nohost
2019-04-04 21:37:29.220 [info] <0.43.0> Application amqp_client started on node nonode@nohost
2019-04-04 21:37:29.220 [info] <0.43.0> Application amqp started on node nonode@nohost
2019-04-04 21:37:29.237 [info] <0.43.0> Application connection started on node nonode@nohost
2019-04-04 21:37:29.271 [info] <0.43.0> Application db_connection started on node nonode@nohost
2019-04-04 21:37:29.284 [info] <0.43.0> Application decimal started on node nonode@nohost
2019-04-04 21:37:29.299 [info] <0.43.0> Application postgrex started on node nonode@nohost
2019-04-04 21:37:29.320 [info] <0.43.0> Application telemetry started on node nonode@nohost
2019-04-04 21:37:29.334 [info] <0.43.0> Application ecto started on node nonode@nohost
2019-04-04 21:37:29.339 [info] <0.43.0> Application ecto_sql started on node nonode@nohost
2019-04-04 21:37:29.344 [info] <0.43.0> Application phoenix_html started on node nonode@nohost
2019-04-04 21:37:29.352 [info] <0.43.0> Application cowlib started on node nonode@nohost
2019-04-04 21:37:29.362 [info] <0.43.0> Application cowboy started on node nonode@nohost
2019-04-04 21:37:29.364 [info] <0.43.0> Application plug_cowboy started on node nonode@nohost
2019-04-04 21:37:29.372 [info] <0.43.0> Application file_system started on node nonode@nohost
2019-04-04 21:37:29.396 [info] <0.43.0> Application phoenix_live_reload started on node nonode@nohost
2019-04-04 21:37:29.400 [info] <0.43.0> Application phoenix_live_view started on node nonode@nohost
2019-04-04 21:37:29.408 [info] <0.43.0> Application phoenix_ecto started on node nonode@nohost
2019-04-04 21:37:30.000 [warning] <0.379.0> lager_error_logger_h dropped 150 messages in the last second that exceeded the limit of 50 messages/sec
2019-04-04 21:37:30.563 [info] <0.43.0> Application apr started on node nonode@nohost
2019-04-04 21:40:26.707 [info] <0.43.0> Application lager started on node nonode@nohost
2019-04-04 21:40:26.716 [info] <0.43.0> Application xmerl started on node nonode@nohost
2019-04-04 21:40:26.723 [info] <0.43.0> Application jsx started on node nonode@nohost
2019-04-04 21:40:26.735 [info] <0.43.0> Application ranch started on node nonode@nohost
2019-04-04 21:40:26.739 [info] <0.43.0> Application recon started on node nonode@nohost
2019-04-04 21:40:26.739 [info] <0.43.0> Application rabbit_common started on node nonode@nohost
2019-04-04 21:40:26.753 [info] <0.43.0> Application amqp_client started on node nonode@nohost
2019-04-04 21:40:26.753 [info] <0.43.0> Application amqp started on node nonode@nohost
2019-04-04 21:40:26.765 [info] <0.43.0> Application connection started on node nonode@nohost
2019-04-04 21:40:26.781 [info] <0.43.0> Application db_connection started on node nonode@nohost
2019-04-04 21:40:26.785 [info] <0.43.0> Application decimal started on node nonode@nohost
2019-04-04 21:40:26.798 [info] <0.43.0> Application postgrex started on node nonode@nohost
2019-04-04 21:40:26.834 [info] <0.43.0> Application telemetry started on node nonode@nohost
2019-04-04 21:40:26.843 [info] <0.43.0> Application ecto started on node nonode@nohost
2019-04-04 21:40:26.851 [info] <0.43.0> Application ecto_sql started on node nonode@nohost
2019-04-04 21:40:26.857 [info] <0.43.0> Application phoenix_html started on node nonode@nohost
2019-04-04 21:40:26.864 [info] <0.43.0> Application cowlib started on node nonode@nohost
2019-04-04 21:40:26.877 [info] <0.43.0> Application cowboy started on node nonode@nohost
2019-04-04 21:40:26.879 [info] <0.43.0> Application plug_cowboy started on node nonode@nohost
2019-04-04 21:40:26.886 [info] <0.43.0> Application file_system started on node nonode@nohost
2019-04-04 21:40:26.909 [info] <0.43.0> Application phoenix_live_reload started on node nonode@nohost
2019-04-04 21:40:26.913 [info] <0.43.0> Application phoenix_live_view started on node nonode@nohost
2019-04-04 21:40:26.917 [info] <0.43.0> Application phoenix_ecto started on node nonode@nohost
2019-04-04 21:40:27.001 [warning] <0.265.0> lager_error_logger_h dropped 10 messages in the last second that exceeded the limit of 50 messages/sec
2019-04-04 21:40:28.000 [warning] <0.265.0> lager_error_logger_h dropped 91 messages in the last second that exceeded the limit of 50 messages/sec
2019-04-04 21:40:28.084 [info] <0.43.0> Application apr started on node nonode@nohost
2019-04-04 21:40:33.278 [error] <0.355.0> Supervisor 'Elixir.Apr.Supervisor' had child commerce started with 'Elixir.Apr.AmqEventService':start_link(#{topic => <<"commerce">>}) at <0.502.0> exit with reason normal in context child_terminated
2019-04-04 21:42:42.682 [info] <0.43.0> Application lager started on node nonode@nohost
2019-04-04 21:42:42.702 [info] <0.43.0> Application xmerl started on node nonode@nohost
2019-04-04 21:42:42.720 [info] <0.43.0> Application jsx started on node nonode@nohost
2019-04-04 21:42:42.731 [info] <0.43.0> Application ranch started on node nonode@nohost
2019-04-04 21:42:42.736 [info] <0.43.0> Application recon started on node nonode@nohost
2019-04-04 21:42:42.738 [info] <0.43.0> Application rabbit_common started on node nonode@nohost
2019-04-04 21:42:42.761 [info] <0.43.0> Application amqp_client started on node nonode@nohost
2019-04-04 21:42:42.761 [info] <0.43.0> Application amqp started on node nonode@nohost
2019-04-04 21:42:42.777 [info] <0.43.0> Application connection started on node nonode@nohost
2019-04-04 21:42:42.801 [info] <0.43.0> Application db_connection started on node nonode@nohost
2019-04-04 21:42:42.807 [info] <0.43.0> Application decimal started on node nonode@nohost
2019-04-04 21:42:42.821 [info] <0.43.0> Application postgrex started on node nonode@nohost
2019-04-04 21:42:42.836 [info] <0.43.0> Application telemetry started on node nonode@nohost
2019-04-04 21:42:42.852 [info] <0.43.0> Application ecto started on node nonode@nohost
2019-04-04 21:42:42.864 [info] <0.43.0> Application ecto_sql started on node nonode@nohost
2019-04-04 21:42:42.870 [info] <0.43.0> Application phoenix_html started on node nonode@nohost
2019-04-04 21:42:42.877 [info] <0.43.0> Application cowlib started on node nonode@nohost
2019-04-04 21:42:42.883 [info] <0.43.0> Application cowboy started on node nonode@nohost
2019-04-04 21:42:42.885 [info] <0.43.0> Application plug_cowboy started on node nonode@nohost
2019-04-04 21:42:42.898 [info] <0.43.0> Application file_system started on node nonode@nohost
2019-04-04 21:42:42.923 [info] <0.43.0> Application phoenix_live_reload started on node nonode@nohost
2019-04-04 21:42:42.929 [info] <0.43.0> Application phoenix_live_view started on node nonode@nohost
2019-04-04 21:42:42.937 [info] <0.43.0> Application phoenix_ecto started on node nonode@nohost
2019-04-04 21:42:42.999 [warning] <0.265.0> lager_error_logger_h dropped 8 messages in the last second that exceeded the limit of 50 messages/sec
2019-04-04 21:42:43.999 [warning] <0.265.0> lager_error_logger_h dropped 93 messages in the last second that exceeded the limit of 50 messages/sec
2019-04-04 21:42:44.174 [info] <0.43.0> Application apr started on node nonode@nohost
2019-04-04 21:42:50.375 [error] <0.518.0> ** Task <0.518.0> terminating
** Started from <0.517.0>
** When function  == #Fun<Elixir.Apr.AmqEventService.0.51857244>
**      arguments == []
** Reason for termination == 
** {#{'__exception__' => true,'__struct__' => 'Elixir.Postgrex.Error',connection_id => 55118,message => nil,postgres => #{code => undefined_table,file => <<"parse_relation.c">>,line => <<"1180">>,message => <<"relation \"events\" does not exist">>,pg_code => <<"42P01">>,position => <<"13">>,routine => <<"parserOpenTable">>,severity => <<"ERROR">>,unknown => <<"ERROR">>},query => <<"INSERT INTO \"events\" (\"payload\",\"routing_key\",\"topic\",\"inserted_at\",\"updated_at\") VALUES ($1,$2,$3,$4,$5) RETURNING \"id\"">>},[{'Elixir.Ecto.Adapters.SQL',raise_sql_call_error,1,[{file,"lib/ecto/adapters/sql.ex"},{line,605}]},{'Elixir.Ecto.Repo.Schema',apply,4,[{file,"lib/ecto/repo/schema.ex"},{line,649}]},{'Elixir.Ecto.Repo.Schema','-do_insert/4-fun-1-',15,[{file,"lib/ecto/repo/schema.ex"},{line,262}]},{'Elixir.Task.Supervised',invoke_mfa,2,[{file,"lib/task/supervised.ex"},{line,90}]},{'Elixir.Task.Supervised',reply,5,[{file,"lib/task/supervised.ex"},{line,35}]},{proc_lib,init_p_do_apply,3,[{file,"proc_lib.erl"},{line,249}]}]}
2019-04-04 21:42:50.387 [error] <0.518.0> CRASH REPORT Process <0.518.0> with 0 neighbours crashed with reason: #{'__exception__' => true,'__struct__' => 'Elixir.Postgrex.Error',connection_id => 55118,message => nil,postgres => #{code => undefined_table,file => <<"parse_relation.c">>,line => <<"1180">>,message => <<"relation \"events\" does not exist">>,pg_code => <<"42P01">>,position => <<"13">>,routine => <<"parserOpenTable">>,severity => <<"ERROR">>,unknown => <<"ERROR">>},query => <<"INSERT INTO \"events\" (\"payload\",\"routing_key\",\"topic\",\"inserted_at\",\"updated_at\") VALUES ($1,$2,$3,$4,$5) RETURNING ...">>} in 'Elixir.Ecto.Adapters.SQL':raise_sql_call_error/1 line 605
2019-04-04 21:44:03.817 [info] <0.43.0> Application lager started on node nonode@nohost
2019-04-04 21:44:03.828 [info] <0.43.0> Application xmerl started on node nonode@nohost
2019-04-04 21:44:03.837 [info] <0.43.0> Application jsx started on node nonode@nohost
2019-04-04 21:44:03.858 [info] <0.43.0> Application ranch started on node nonode@nohost
2019-04-04 21:44:03.871 [info] <0.43.0> Application recon started on node nonode@nohost
2019-04-04 21:44:03.871 [info] <0.43.0> Application rabbit_common started on node nonode@nohost
2019-04-04 21:44:03.894 [info] <0.43.0> Application amqp_client started on node nonode@nohost
2019-04-04 21:44:03.894 [info] <0.43.0> Application amqp started on node nonode@nohost
2019-04-04 21:44:03.912 [info] <0.43.0> Application connection started on node nonode@nohost
2019-04-04 21:44:03.937 [info] <0.43.0> Application db_connection started on node nonode@nohost
2019-04-04 21:44:03.946 [info] <0.43.0> Application decimal started on node nonode@nohost
2019-04-04 21:44:03.970 [info] <0.43.0> Application postgrex started on node nonode@nohost
2019-04-04 21:44:03.987 [info] <0.43.0> Application telemetry started on node nonode@nohost
2019-04-04 21:44:04.005 [info] <0.43.0> Application ecto started on node nonode@nohost
2019-04-04 21:44:04.016 [info] <0.43.0> Application ecto_sql started on node nonode@nohost
2019-04-04 21:44:04.017 [info] <0.43.0> Application phoenix_html started on node nonode@nohost
2019-04-04 21:44:04.023 [info] <0.43.0> Application cowlib started on node nonode@nohost
2019-04-04 21:44:04.032 [info] <0.43.0> Application cowboy started on node nonode@nohost
2019-04-04 21:44:04.035 [info] <0.43.0> Application plug_cowboy started on node nonode@nohost
2019-04-04 21:44:04.046 [info] <0.43.0> Application file_system started on node nonode@nohost
2019-04-04 21:44:04.077 [info] <0.43.0> Application phoenix_live_reload started on node nonode@nohost
2019-04-04 21:44:04.089 [info] <0.43.0> Application phoenix_live_view started on node nonode@nohost
2019-04-04 21:44:04.094 [info] <0.43.0> Application phoenix_ecto started on node nonode@nohost
2019-04-04 21:44:05.006 [warning] <0.256.0> lager_error_logger_h dropped 145 messages in the last second that exceeded the limit of 50 messages/sec
2019-04-04 21:44:05.677 [info] <0.43.0> Application apr started on node nonode@nohost
2019-04-04 21:50:06.750 [info] <0.43.0> Application lager started on node nonode@nohost
2019-04-04 21:50:06.759 [info] <0.43.0> Application xmerl started on node nonode@nohost
2019-04-04 21:50:06.771 [info] <0.43.0> Application jsx started on node nonode@nohost
2019-04-04 21:50:06.780 [info] <0.43.0> Application ranch started on node nonode@nohost
2019-04-04 21:50:06.786 [info] <0.43.0> Application recon started on node nonode@nohost
2019-04-04 21:50:06.786 [info] <0.43.0> Application rabbit_common started on node nonode@nohost
2019-04-04 21:50:06.807 [info] <0.43.0> Application amqp_client started on node nonode@nohost
2019-04-04 21:50:06.808 [info] <0.43.0> Application amqp started on node nonode@nohost
2019-04-04 21:50:06.829 [info] <0.43.0> Application connection started on node nonode@nohost
2019-04-04 21:50:06.856 [info] <0.43.0> Application db_connection started on node nonode@nohost
2019-04-04 21:50:06.860 [info] <0.43.0> Application decimal started on node nonode@nohost
2019-04-04 21:50:06.881 [info] <0.43.0> Application postgrex started on node nonode@nohost
2019-04-04 21:50:06.899 [info] <0.43.0> Application telemetry started on node nonode@nohost
2019-04-04 21:50:06.910 [info] <0.43.0> Application ecto started on node nonode@nohost
2019-04-04 21:50:06.923 [info] <0.43.0> Application ecto_sql started on node nonode@nohost
2019-04-04 21:50:06.929 [info] <0.43.0> Application phoenix_html started on node nonode@nohost
2019-04-04 21:50:06.951 [info] <0.43.0> Application cowlib started on node nonode@nohost
2019-04-04 21:50:06.959 [info] <0.43.0> Application cowboy started on node nonode@nohost
2019-04-04 21:50:06.962 [info] <0.43.0> Application plug_cowboy started on node nonode@nohost
2019-04-04 21:50:06.977 [info] <0.43.0> Application file_system started on node nonode@nohost
2019-04-04 21:50:07.008 [info] <0.43.0> Application phoenix_live_reload started on node nonode@nohost
2019-04-04 21:50:07.011 [info] <0.43.0> Application phoenix_live_view started on node nonode@nohost
2019-04-04 21:50:07.024 [info] <0.43.0> Application phoenix_ecto started on node nonode@nohost
2019-04-04 21:50:08.001 [warning] <0.265.0> lager_error_logger_h dropped 150 messages in the last second that exceeded the limit of 50 messages/sec
2019-04-04 21:50:08.187 [info] <0.43.0> Application apr started on node nonode@nohost
2019-04-05 11:50:59.644 [info] <0.43.0> Application lager started on node nonode@nohost
2019-04-05 11:50:59.655 [info] <0.43.0> Application xmerl started on node nonode@nohost
2019-04-05 11:50:59.663 [info] <0.43.0> Application jsx started on node nonode@nohost
2019-04-05 11:50:59.680 [info] <0.43.0> Application ranch started on node nonode@nohost
2019-04-05 11:50:59.684 [info] <0.43.0> Application recon started on node nonode@nohost
2019-04-05 11:50:59.684 [info] <0.43.0> Application rabbit_common started on node nonode@nohost
2019-04-05 11:50:59.699 [info] <0.43.0> Application amqp_client started on node nonode@nohost
2019-04-05 11:50:59.699 [info] <0.43.0> Application amqp started on node nonode@nohost
2019-04-05 11:50:59.709 [info] <0.43.0> Application connection started on node nonode@nohost
2019-04-05 11:50:59.729 [info] <0.43.0> Application db_connection started on node nonode@nohost
2019-04-05 11:50:59.734 [info] <0.43.0> Application decimal started on node nonode@nohost
2019-04-05 11:50:59.752 [info] <0.43.0> Application postgrex started on node nonode@nohost
2019-04-05 11:50:59.769 [info] <0.43.0> Application telemetry started on node nonode@nohost
2019-04-05 11:50:59.778 [info] <0.43.0> Application ecto started on node nonode@nohost
2019-04-05 11:50:59.786 [info] <0.43.0> Application ecto_sql started on node nonode@nohost
2019-04-05 11:50:59.788 [info] <0.43.0> Application phoenix_html started on node nonode@nohost
2019-04-05 11:50:59.800 [info] <0.43.0> Application cowlib started on node nonode@nohost
2019-04-05 11:50:59.809 [info] <0.43.0> Application cowboy started on node nonode@nohost
2019-04-05 11:50:59.811 [info] <0.43.0> Application plug_cowboy started on node nonode@nohost
2019-04-05 11:50:59.822 [info] <0.43.0> Application file_system started on node nonode@nohost
2019-04-05 11:50:59.847 [info] <0.43.0> Application phoenix_live_reload started on node nonode@nohost
2019-04-05 11:50:59.854 [info] <0.43.0> Application phoenix_live_view started on node nonode@nohost
2019-04-05 11:50:59.858 [info] <0.43.0> Application phoenix_ecto started on node nonode@nohost
2019-04-05 11:51:00.000 [warning] <0.265.0> lager_error_logger_h dropped 12 messages in the last second that exceeded the limit of 50 messages/sec
2019-04-05 11:51:08.276 [info] <0.43.0> Application lager started on node nonode@nohost
2019-04-05 11:51:08.285 [info] <0.43.0> Application xmerl started on node nonode@nohost
2019-04-05 11:51:08.293 [info] <0.43.0> Application jsx started on node nonode@nohost
2019-04-05 11:51:08.307 [info] <0.43.0> Application ranch started on node nonode@nohost
2019-04-05 11:51:08.312 [info] <0.43.0> Application recon started on node nonode@nohost
2019-04-05 11:51:08.312 [info] <0.43.0> Application rabbit_common started on node nonode@nohost
2019-04-05 11:51:08.324 [info] <0.43.0> Application amqp_client started on node nonode@nohost
2019-04-05 11:51:08.324 [info] <0.43.0> Application amqp started on node nonode@nohost
2019-04-05 11:51:08.339 [info] <0.43.0> Application connection started on node nonode@nohost
2019-04-05 11:51:08.354 [info] <0.43.0> Application db_connection started on node nonode@nohost
2019-04-05 11:51:08.360 [info] <0.43.0> Application decimal started on node nonode@nohost
2019-04-05 11:51:08.380 [info] <0.43.0> Application postgrex started on node nonode@nohost
2019-04-05 11:51:08.395 [info] <0.43.0> Application telemetry started on node nonode@nohost
2019-04-05 11:51:08.405 [info] <0.43.0> Application ecto started on node nonode@nohost
2019-04-05 11:51:08.415 [info] <0.43.0> Application ecto_sql started on node nonode@nohost
2019-04-05 11:51:08.416 [info] <0.43.0> Application phoenix_html started on node nonode@nohost
2019-04-05 11:51:08.425 [info] <0.43.0> Application cowlib started on node nonode@nohost
2019-04-05 11:51:08.430 [info] <0.43.0> Application cowboy started on node nonode@nohost
2019-04-05 11:51:08.431 [info] <0.43.0> Application plug_cowboy started on node nonode@nohost
2019-04-05 11:51:08.442 [info] <0.43.0> Application file_system started on node nonode@nohost
2019-04-05 11:51:08.456 [info] <0.43.0> Application phoenix_live_reload started on node nonode@nohost
2019-04-05 11:51:08.461 [info] <0.43.0> Application phoenix_live_view started on node nonode@nohost
2019-04-05 11:51:08.465 [info] <0.43.0> Application phoenix_ecto started on node nonode@nohost
2019-04-05 11:51:09.000 [warning] <0.256.0> lager_error_logger_h dropped 147 messages in the last second that exceeded the limit of 50 messages/sec
2019-04-05 11:51:09.366 [info] <0.43.0> Application apr started on node nonode@nohost
2019-04-05 15:32:28.633 [info] <0.43.0> Application lager started on node nonode@nohost
2019-04-05 15:32:28.651 [info] <0.43.0> Application xmerl started on node nonode@nohost
2019-04-05 15:32:28.661 [info] <0.43.0> Application jsx started on node nonode@nohost
2019-04-05 15:32:28.681 [info] <0.43.0> Application ranch started on node nonode@nohost
2019-04-05 15:32:28.686 [info] <0.43.0> Application recon started on node nonode@nohost
2019-04-05 15:32:28.686 [info] <0.43.0> Application rabbit_common started on node nonode@nohost
2019-04-05 15:32:28.702 [info] <0.43.0> Application amqp_client started on node nonode@nohost
2019-04-05 15:32:28.702 [info] <0.43.0> Application amqp started on node nonode@nohost
2019-04-05 15:32:28.720 [info] <0.43.0> Application connection started on node nonode@nohost
2019-04-05 15:32:28.750 [info] <0.43.0> Application db_connection started on node nonode@nohost
2019-04-05 15:32:28.754 [info] <0.43.0> Application decimal started on node nonode@nohost
2019-04-05 15:32:28.781 [info] <0.43.0> Application postgrex started on node nonode@nohost
2019-04-05 15:32:28.809 [info] <0.43.0> Application telemetry started on node nonode@nohost
2019-04-05 15:32:28.832 [info] <0.43.0> Application ecto started on node nonode@nohost
2019-04-05 15:32:28.838 [info] <0.43.0> Application ecto_sql started on node nonode@nohost
2019-04-05 15:32:28.842 [info] <0.43.0> Application phoenix_html started on node nonode@nohost
2019-04-05 15:32:28.859 [info] <0.43.0> Application cowlib started on node nonode@nohost
2019-04-05 15:32:28.869 [info] <0.43.0> Application cowboy started on node nonode@nohost
2019-04-05 15:32:28.872 [info] <0.43.0> Application plug_cowboy started on node nonode@nohost
2019-04-05 15:32:28.881 [info] <0.43.0> Application file_system started on node nonode@nohost
2019-04-05 15:32:28.903 [info] <0.43.0> Application phoenix_live_reload started on node nonode@nohost
2019-04-05 15:32:28.908 [info] <0.43.0> Application phoenix_live_view started on node nonode@nohost
2019-04-05 15:32:28.914 [info] <0.43.0> Application phoenix_ecto started on node nonode@nohost
2019-04-05 15:32:29.003 [warning] <0.270.0> lager_error_logger_h dropped 10 messages in the last second that exceeded the limit of 50 messages/sec
2019-04-05 15:32:30.000 [warning] <0.270.0> lager_error_logger_h dropped 93 messages in the last second that exceeded the limit of 50 messages/sec
2019-04-05 15:34:33.708 [error] <0.552.0>@Elixir.Phoenix.LiveView.Channel:handle_info:51 gen_server <0.552.0> terminated with reason: call to undefined function 'Elixir.AprWeb.OrderDashboardLive':handle_event/3 from 'Elixir.Phoenix.LiveView.Channel':handle_info/2 line 51
2019-04-05 15:34:33.757 [error] <0.552.0>@Elixir.AprWeb.OrderDashboardLive:handle_event CRASH REPORT Process <0.552.0> with 0 neighbours crashed with reason: call to undefined function 'Elixir.AprWeb.OrderDashboardLive':handle_event(<<"filter">>, #{<<"mode">> => <<"order">>}, #{'__struct__' => 'Elixir.Phoenix.LiveView.Socket',assigns => #{events => [#{'__meta__' => #{...},...},...]},...})
2019-04-05 15:34:33.758 [error] <0.395.0>@Elixir.AprWeb.OrderDashboardLive:handle_event Supervisor {<0.395.0>,'Elixir.Supervisor.Default'} had child 'Elixir.Phoenix.Channel.Server' started with {'Elixir.Phoenix.Channel.Server',start_link,undefined} at <0.552.0> exit with reason call to undefined function 'Elixir.AprWeb.OrderDashboardLive':handle_event(<<"filter">>, #{<<"mode">> => <<"order">>}, #{'__struct__' => 'Elixir.Phoenix.LiveView.Socket',assigns => #{events => [#{'__meta__' => #{...},...},...]},...}) in context child_terminated
2019-04-05 15:34:35.980 [error] <0.560.0>@Elixir.Phoenix.LiveView.Channel:handle_info:51 gen_server <0.560.0> terminated with reason: call to undefined function 'Elixir.AprWeb.OrderDashboardLive':handle_event/3 from 'Elixir.Phoenix.LiveView.Channel':handle_info/2 line 51
2019-04-05 15:34:35.991 [error] <0.560.0>@Elixir.AprWeb.OrderDashboardLive:handle_event CRASH REPORT Process <0.560.0> with 0 neighbours crashed with reason: call to undefined function 'Elixir.AprWeb.OrderDashboardLive':handle_event(<<"filter">>, #{<<"mode">> => <<"offer">>}, #{'__struct__' => 'Elixir.Phoenix.LiveView.Socket',assigns => #{events => [#{'__meta__' => #{...},...},...]},...})
2019-04-05 15:34:35.991 [error] <0.393.0>@Elixir.AprWeb.OrderDashboardLive:handle_event Supervisor {<0.393.0>,'Elixir.Supervisor.Default'} had child 'Elixir.Phoenix.Channel.Server' started with {'Elixir.Phoenix.Channel.Server',start_link,undefined} at <0.560.0> exit with reason call to undefined function 'Elixir.AprWeb.OrderDashboardLive':handle_event(<<"filter">>, #{<<"mode">> => <<"offer">>}, #{'__struct__' => 'Elixir.Phoenix.LiveView.Socket',assigns => #{events => [#{'__meta__' => #{...},...},...]},...}) in context child_terminated
